<?xml version="1.0" encoding="UTF-8"?>
<!-- Generated by org.testng.reporters.JUnitReportReporter -->
<testsuite hostname="Nazomhenrypc" failures="0" tests="4" name="testcase.TC_03LoginDDT" time="7.074" errors="0" timestamp="2024-03-29T22:41:13 GMT" skipped="0">
  <testcase classname="testcase.TC_03LoginDDT" name="verify_loginDDT" time="1.169"/>
  <system-out/>
  <testcase classname="testcase.TC_03LoginDDT" name="verify_loginDDT" time="1.045"/>
  <system-out/>
  <testcase classname="testcase.TC_03LoginDDT" name="verify_loginDDT" time="3.816"/>
  <system-out/>
  <testcase classname="testcase.TC_03LoginDDT" name="verify_loginDDT" time="1.044"/>
  <system-out/>
</testsuite> <!-- testcase.TC_03LoginDDT -->
