<?xml version="1.0" encoding="UTF-8"?>
<!-- Generated by org.testng.reporters.JUnitReportReporter -->
<testsuite hostname="Nazomhenrypc" failures="0" tests="1" name="testcase.TC_02LoginTest" time="2.982" errors="0" timestamp="2024-04-07T01:57:52 BST" skipped="0">
  <testcase classname="testcase.TC_02LoginTest" name="Verify_account_login" time="2.982"/>
  <system-out/>
</testsuite> <!-- testcase.TC_02LoginTest -->
